{"/Users/hardik/Desktop/Namaste React Web series/src/Header.js": {"path":"/Users/hardik/Desktop/Namaste React Web series/src/Header.js","statementMap":{"0":{"start":{"line":4,"column":2},"end":{"line":4,"column":26}}},"fnMap":{"0":{"name":"Header","decl":{"start":{"line":3,"column":9},"end":{"line":3,"column":15}},"loc":{"start":{"line":3,"column":18},"end":{"line":5,"column":1}},"line":3}},"branchMap":{},"s":{"0":1},"f":{"0":1},"b":{},"_coverageSchema":"1a1c01bbd47fc00a2c39e90264f33305004495a9","hash":"b05b750c0e8ef01363aa0a12a24c2199bd0468dc"}
,"/Users/hardik/Desktop/Namaste React Web series/src/sum.js": {"path":"/Users/hardik/Desktop/Namaste React Web series/src/sum.js","statementMap":{"0":{"start":{"line":1,"column":12},"end":{"line":3,"column":1}},"1":{"start":{"line":2,"column":2},"end":{"line":2,"column":14}}},"fnMap":{"0":{"name":"(anonymous_0)","decl":{"start":{"line":1,"column":12},"end":{"line":1,"column":13}},"loc":{"start":{"line":1,"column":22},"end":{"line":3,"column":1}},"line":1}},"branchMap":{},"s":{"0":1,"1":1},"f":{"0":1},"b":{},"_coverageSchema":"1a1c01bbd47fc00a2c39e90264f33305004495a9","hash":"2b106416768d9c13dc743b380b9afee4a8f59b82"}
}
